<?xml version="1.0" encoding="UTF-8"?>
<!-- Generated by org.testng.reporters.JUnitReportReporter -->
<testsuite hostname="Shiva" failures="0" tests="1" name="testCases.TC001_AccountRegistrationTest" time="2.386" errors="0" timestamp="2025-10-28T17:34:40 IST" skipped="0">
  <testcase classname="testCases.TC001_AccountRegistrationTest" name="registerUser" time="2.386"/>
</testsuite> <!-- testCases.TC001_AccountRegistrationTest -->
