<?xml version="1.0" encoding="UTF-8"?>
<!-- Generated by org.testng.reporters.JUnitReportReporter -->
<testsuite hostname="Shiva" failures="0" tests="2" name="testCases.TC001_AccountRegistrationTest" time="5.023" errors="0" timestamp="2025-10-28T21:05:05 IST" skipped="0">
  <testcase classname="testCases.TC001_AccountRegistrationTest" name="registerUser" time="2.806"/>
  <testcase classname="testCases.TC001_AccountRegistrationTest" name="registerUser" time="2.217"/>
</testsuite> <!-- testCases.TC001_AccountRegistrationTest -->
