<?xml version="1.0" encoding="UTF-8"?>
<!-- Generated by org.testng.reporters.JUnitReportReporter -->
<testsuite hostname="Shiva" failures="0" tests="2" name="testCases.TC002_LoginTest" time="2.855" errors="0" timestamp="2025-10-28T21:05:05 IST" skipped="0">
  <testcase classname="testCases.TC002_LoginTest" name="verifyLogin" time="1.504"/>
  <testcase classname="testCases.TC002_LoginTest" name="verifyLogin" time="1.351"/>
</testsuite> <!-- testCases.TC002_LoginTest -->
