<?xml version="1.0" encoding="UTF-8"?>
<!-- Generated by org.testng.reporters.JUnitReportReporter -->
<testsuite hostname="Shiva" failures="0" tests="1" name="testCases.TC001_AccountRegistrationTest" time="11.297" errors="0" timestamp="2025-10-27T22:04:33 IST" skipped="0">
  <testcase classname="testCases.TC001_AccountRegistrationTest" name="registerUser" time="11.297"/>
</testsuite> <!-- testCases.TC001_AccountRegistrationTest -->
